{"name": "test_three", "status": "failed", "statusDetails": {"message": "AssertionError: assert 'Guten Tag!' == 'Guten tag!'\n  - Guten tag!\n  ?       ^\n  + Guten Tag!\n  ?       ^", "trace": "driver = <selenium.webdriver.chrome.webdriver.WebDriver (session=\"eca3b79c86979203ef09f5e851b9d85e\")>\n\n    def test_three(driver):\n        driver.get('https://testpages.herokuapp.com/styled/alerts/alert-test.html')\n        show_prompt_box_button = driver.find_element(By.ID, 'promptexample')\n        show_prompt_box_button.click()\n        WebDriverWait(driver, 10).until(EC.alert_is_present())\n        alert = Alert(driver)\n        alert.send_keys('Guten Tag!')\n        alert.accept()\n        msg = driver.find_element(By.ID, 'promptreturn')\n>       assert msg.text == 'Guten tag!'\nE       AssertionError: assert 'Guten Tag!' == 'Guten tag!'\nE         - Guten tag!\nE         ?       ^\nE         + Guten Tag!\nE         ?       ^\n\nhomework\\elena_rybina\\homework21\\test_task_21_3.py:16: AssertionError"}, "start": 1672102307954, "stop": 1672102332042, "uuid": "05811c16-a1c1-45b4-9c96-410c29624569", "historyId": "389bba343dbf4e3e8ba68872f350ef33", "testCaseId": "6a8c0c71c213dd470f6b7beb3c3770d6", "fullName": "homework.elena_rybina.homework21.test_task_21_3#test_three", "labels": [{"name": "parentSuite", "value": "homework.elena_rybina.homework21"}, {"name": "suite", "value": "test_task_21_3"}, {"name": "host", "value": "DESKTOP-IC38M2K"}, {"name": "thread", "value": "25588-MainThread"}, {"name": "framework", "value": "pytest"}, {"name": "language", "value": "cpython3"}, {"name": "package", "value": "homework.elena_rybina.homework21.test_task_21_3"}]}